<?xml version="1.0" encoding="UTF-8"?>
<!-- Generated by org.testng.reporters.JUnitReportReporter -->
<testsuite hostname="LAPTOP-E4E1HDQ6" failures="0" tests="3" name="com.crm.qa.testCases.HomePageTest" time="249.458" errors="0" timestamp="2020-06-03T20:40:31 IST" skipped="0">
  <testcase classname="com.crm.qa.testCases.HomePageTest" name="verifyHomePageTitleTest" time="129.343"/>
  <system-out/>
  <testcase classname="com.crm.qa.testCases.HomePageTest" name="verifyUserNameTest" time="65.717"/>
  <system-out/>
  <testcase classname="com.crm.qa.testCases.HomePageTest" name="verifyContactsLinkTest" time="54.398"/>
  <system-out/>
</testsuite> <!-- com.crm.qa.testCases.HomePageTest -->
