<?xml version="1.0" encoding="UTF-8"?>
<!-- Generated by org.testng.reporters.JUnitReportReporter -->
<testsuite hostname="LAPTOP-E4E1HDQ6" failures="0" tests="6" name="com.crm.qa.testCases.ContactsPageTest" time="403.931" errors="0" timestamp="2020-06-03T20:40:31 IST" skipped="0">
  <testcase classname="com.crm.qa.testCases.ContactsPageTest" name="verifyContactsPageLabel" time="75.081"/>
  <system-out/>
  <testcase classname="com.crm.qa.testCases.ContactsPageTest" name="selectContactsCheckboxTest" time="99.227"/>
  <system-out/>
  <testcase classname="com.crm.qa.testCases.ContactsPageTest" name="selectMultipleContactsCheckboxTest" time="48.857"/>
  <system-out/>
  <testcase classname="com.crm.qa.testCases.ContactsPageTest" name="validateCreateNewContact" time="60.462"/>
  <system-out/>
  <testcase classname="com.crm.qa.testCases.ContactsPageTest" name="validateCreateNewContact" time="55.419"/>
  <system-out/>
  <testcase classname="com.crm.qa.testCases.ContactsPageTest" name="validateCreateNewContact" time="64.885"/>
  <system-out/>
</testsuite> <!-- com.crm.qa.testCases.ContactsPageTest -->
