<?xml version="1.0" encoding="UTF-8"?>
<!-- Generated by org.testng.reporters.JUnitReportReporter -->
<testsuite hostname="LAPTOP-E4E1HDQ6" failures="0" tests="3" name="com.crm.qa.testCases.LoginPageTest" time="117.003" errors="0" timestamp="2020-06-03T20:40:31 IST" skipped="0">
  <testcase classname="com.crm.qa.testCases.LoginPageTest" name="loginPageTitleTest" time="47.793"/>
  <system-out/>
  <testcase classname="com.crm.qa.testCases.LoginPageTest" name="loginPagelogoTest" time="13.379"/>
  <system-out/>
  <testcase classname="com.crm.qa.testCases.LoginPageTest" name="loginTest" time="55.831"/>
  <system-out/>
</testsuite> <!-- com.crm.qa.testCases.LoginPageTest -->
